Using pre-set license
Built from '2020.3/staging' branch; Version is '2020.3.5f1 (8095aa901b9b) revision 8426922'; Using compiler version '192528614'; Build Type 'Release'
OS: 'Windows 10 Pro; OS build 19042.928; Version 2009; 64bit' Language: 'en' Physical Memory: 16313 MB
BatchMode: 1, IsHumanControllingUs: 0, StartBugReporterOnCrash: 0, Is64bit: 1, IsPro: 0

 COMMAND LINE ARGUMENTS:
C:\Program Files\Unity\Hub\Editor\2020.3.5f1\Editor\Unity.exe
-adb2
-batchMode
-noUpm
-name
AssetImportWorker0
-projectPath
C:/Users/Ahmed/Documents/New Unity Project
-logFile
Logs/AssetImportWorker0.log
-srvPort
50413
Successfully changed project path to: C:/Users/Ahmed/Documents/New Unity Project
C:/Users/Ahmed/Documents/New Unity Project
Using Asset Import Pipeline V2.
Refreshing native plugins compatible for Editor in 72.53 ms, found 0 plugins.
Preloading 0 native plugins for Editor in 0.00 ms.
Initialize engine version: 2020.3.5f1 (8095aa901b9b)
[Subsystems] Discovering subsystems at path C:/Program Files/Unity/Hub/Editor/2020.3.5f1/Editor/Data/Resources/UnitySubsystems
[Subsystems] Discovering subsystems at path C:/Users/Ahmed/Documents/New Unity Project/Assets
GfxDevice: creating device client; threaded=0
Direct3D:
    Version:  Direct3D 11.0 [level 11.1]
    Renderer: NVIDIA GeForce GTX 1070 (ID=0x1b81)
    Vendor:   
    VRAM:     8088 MB
    Driver:   27.21.14.6172
Initialize mono
Mono path[0] = 'C:/Program Files/Unity/Hub/Editor/2020.3.5f1/Editor/Data/Managed'
Mono path[1] = 'C:/Program Files/Unity/Hub/Editor/2020.3.5f1/Editor/Data/MonoBleedingEdge/lib/mono/unityjit'
Mono config path = 'C:/Program Files/Unity/Hub/Editor/2020.3.5f1/Editor/Data/MonoBleedingEdge/etc'
Using monoOptions --debugger-agent=transport=dt_socket,embedding=1,server=y,suspend=n,address=127.0.0.1:56384
Begin MonoManager ReloadAssembly
Registering precompiled unity dll's ...
Register platform support module: C:/Program Files/Unity/Hub/Editor/2020.3.5f1/Editor/Data/PlaybackEngines/WindowsStandaloneSupport/UnityEditor.WindowsStandalone.Extensions.dll
Registered in 0.002172 seconds.
Native extension for WindowsStandalone target not found
Refreshing native plugins compatible for Editor in 49.77 ms, found 0 plugins.
Preloading 0 native plugins for Editor in 0.00 ms.
Mono: successfully reloaded assembly
- Completed reload, in  1.941 seconds
Platform modules already initialized, skipping
Registering precompiled user dll's ...
Registered in 0.001500 seconds.
Begin MonoManager ReloadAssembly
Native extension for WindowsStandalone target not found
Refreshing native plugins compatible for Editor in 47.47 ms, found 0 plugins.
Preloading 0 native plugins for Editor in 0.00 ms.
Mono: successfully reloaded assembly
- Completed reload, in  0.977 seconds
Platform modules already initialized, skipping
========================================================================
Worker process is ready to serve import requests
Shader 'Universal Render Pipeline/Particles/Lit': fallback shader 'Universal Render Pipeline/Particles/SimpleLit' not found
Shader 'Universal Render Pipeline/Particles/Lit': fallback shader 'Universal Render Pipeline/Particles/SimpleLit' not found
Launched and connected shader compiler UnityShaderCompiler.exe after 0.04 seconds
Refreshing native plugins compatible for Editor in 0.47 ms, found 0 plugins.
Preloading 0 native plugins for Editor in 0.00 ms.
Unloading 2421 Unused Serialized files (Serialized files now loaded: 0)
System memory in use before: 113.1 MB.
System memory in use after: 110.3 MB.

Unloading 45 unused Assets to reduce memory usage. Loaded Objects now: 2827.
Total: 4.731600 ms (FindLiveObjects: 0.490000 ms CreateObjectMapping: 0.086200 ms MarkObjects: 2.327300 ms  DeleteObjects: 1.826100 ms)

========================================================================
Received Import Request.
  path: Assets/Readme.asset
  artifactKey: Guid(83c2ed844a8c74b779a4c823d16594b1) Importer(815301076,1909f56bfc062723c751e8b465ee728b)
Start importing Assets/Readme.asset using Guid(83c2ed844a8c74b779a4c823d16594b1) Importer(815301076,1909f56bfc062723c751e8b465ee728b)  -> (artifact id: 'fa7ed051ced4084210995b9ef96a3a7f') in 0.039368 seconds
  Import took 0.043813 seconds .

========================================================================
Received Prepare
Registering precompiled user dll's ...
Registered in 0.001360 seconds.
Begin MonoManager ReloadAssembly
Native extension for WindowsStandalone target not found
Refreshing native plugins compatible for Editor in 0.56 ms, found 0 plugins.
Preloading 0 native plugins for Editor in 0.00 ms.
Mono: successfully reloaded assembly
- Completed reload, in  0.832 seconds
Platform modules already initialized, skipping
Shader 'Universal Render Pipeline/Particles/Lit': fallback shader 'Universal Render Pipeline/Particles/SimpleLit' not found
Shader 'Universal Render Pipeline/Particles/Lit': fallback shader 'Universal Render Pipeline/Particles/SimpleLit' not found
Refreshing native plugins compatible for Editor in 0.64 ms, found 0 plugins.
Preloading 0 native plugins for Editor in 0.00 ms.
Unloading 2346 Unused Serialized files (Serialized files now loaded: 0)
System memory in use before: 109.5 MB.
System memory in use after: 106.8 MB.

Unloading 40 unused Assets to reduce memory usage. Loaded Objects now: 2830.
Total: 3.949400 ms (FindLiveObjects: 0.441600 ms CreateObjectMapping: 0.089500 ms MarkObjects: 1.982200 ms  DeleteObjects: 1.434600 ms)

========================================================================
Received Import Request.
  Time since last request: 427.842097 seconds.
  path: Assets/Materials/Skybox_Mat.mat
  artifactKey: Guid(0ffaa0b7117ba8c47a9d05ae701d4b4d) Importer(815301076,1909f56bfc062723c751e8b465ee728b)
Start importing Assets/Materials/Skybox_Mat.mat using Guid(0ffaa0b7117ba8c47a9d05ae701d4b4d) Importer(815301076,1909f56bfc062723c751e8b465ee728b)  -> (artifact id: '7d24ce53e16b5d96cadd4a67506d68c8') in 0.212200 seconds
  Import took 0.216687 seconds .

========================================================================
Received Import Request.
  Time since last request: 1.093816 seconds.
  path: Assets/Presets/AudioCompressedInMemory.preset
  artifactKey: Guid(2dd802e4d37c65149922028d3e973832) Importer(815301076,1909f56bfc062723c751e8b465ee728b)
Start importing Assets/Presets/AudioCompressedInMemory.preset using Guid(2dd802e4d37c65149922028d3e973832) Importer(815301076,1909f56bfc062723c751e8b465ee728b)  -> (artifact id: 'b18cbd2c66d7256d377f2be6b18d45c8') in 0.010090 seconds
  Import took 0.014210 seconds .

========================================================================
Received Import Request.
  Time since last request: 0.000272 seconds.
  path: Assets/Presets/AudioStreaming.preset
  artifactKey: Guid(86bcce7f5575b54408aa0f3a7d321039) Importer(815301076,1909f56bfc062723c751e8b465ee728b)
Start importing Assets/Presets/AudioStreaming.preset using Guid(86bcce7f5575b54408aa0f3a7d321039) Importer(815301076,1909f56bfc062723c751e8b465ee728b)  -> (artifact id: '3733209e64214ed637045a4445d8ace9') in 0.006996 seconds
  Import took 0.010975 seconds .

========================================================================
Received Import Request.
  Time since last request: 0.000185 seconds.
  path: Assets/Presets/NormalTexture.preset
  artifactKey: Guid(14a57cf3b9fa1c74b884aa7e0dcf1faa) Importer(815301076,1909f56bfc062723c751e8b465ee728b)
Start importing Assets/Presets/NormalTexture.preset using Guid(14a57cf3b9fa1c74b884aa7e0dcf1faa) Importer(815301076,1909f56bfc062723c751e8b465ee728b)  -> (artifact id: '9122ab2b4139acf4638b2b25587976a8') in 0.008760 seconds
  Import took 0.012271 seconds .

========================================================================
Received Import Request.
  Time since last request: 0.000209 seconds.
  path: Assets/Presets/UtilityTexture.preset
  artifactKey: Guid(45f7b2e3c78185248b3adbb14429c2ab) Importer(815301076,1909f56bfc062723c751e8b465ee728b)
Start importing Assets/Presets/UtilityTexture.preset using Guid(45f7b2e3c78185248b3adbb14429c2ab) Importer(815301076,1909f56bfc062723c751e8b465ee728b)  -> (artifact id: '68a0a6a9213efaf2bf555922cd89ac63') in 0.008500 seconds
  Import took 0.012153 seconds .

========================================================================
Received Import Request.
  Time since last request: 145.815999 seconds.
  path: Assets
  artifactKey: Guid(00000000000000001000000000000000) Importer(815301076,1909f56bfc062723c751e8b465ee728b)
Start importing Assets using Guid(00000000000000001000000000000000) Importer(815301076,1909f56bfc062723c751e8b465ee728b)  -> (artifact id: 'e4856052512617ee48189cf1d7999900') in 0.007580 seconds
  Import took 0.011731 seconds .

========================================================================
Received Import Request.
  Time since last request: 201.664997 seconds.
  path: Assets/Colour.mat
  artifactKey: Guid(a68dc8838e07a7e418eba80fbeeeb857) Importer(815301076,1909f56bfc062723c751e8b465ee728b)
Start importing Assets/Colour.mat using Guid(a68dc8838e07a7e418eba80fbeeeb857) Importer(815301076,1909f56bfc062723c751e8b465ee728b)  -> (artifact id: '8c014473cbcf5917f6326510f0149bf6') in 0.023619 seconds
  Import took 0.028210 seconds .

========================================================================
Received Prepare
Registering precompiled user dll's ...
Registered in 0.001258 seconds.
Begin MonoManager ReloadAssembly
Native extension for WindowsStandalone target not found
Refreshing native plugins compatible for Editor in 0.48 ms, found 0 plugins.
Preloading 0 native plugins for Editor in 0.00 ms.
Mono: successfully reloaded assembly
- Completed reload, in  0.773 seconds
Platform modules already initialized, skipping
Shader 'Universal Render Pipeline/Particles/Lit': fallback shader 'Universal Render Pipeline/Particles/SimpleLit' not found
Shader 'Universal Render Pipeline/Particles/Lit': fallback shader 'Universal Render Pipeline/Particles/SimpleLit' not found
Refreshing native plugins compatible for Editor in 0.49 ms, found 0 plugins.
Preloading 0 native plugins for Editor in 0.00 ms.
Unloading 2346 Unused Serialized files (Serialized files now loaded: 0)
System memory in use before: 115.0 MB.
System memory in use after: 112.3 MB.

Unloading 40 unused Assets to reduce memory usage. Loaded Objects now: 2911.
Total: 3.462800 ms (FindLiveObjects: 0.289100 ms CreateObjectMapping: 0.063600 ms MarkObjects: 1.836000 ms  DeleteObjects: 1.273000 ms)

========================================================================
Received Import Request.
  Time since last request: 344.221355 seconds.
  path: Assets/PlayerMovent.cs
  artifactKey: Guid(022def98450c1be45ae768e563e06537) Importer(815301076,1909f56bfc062723c751e8b465ee728b)
Start importing Assets/PlayerMovent.cs using Guid(022def98450c1be45ae768e563e06537) Importer(815301076,1909f56bfc062723c751e8b465ee728b)  -> (artifact id: '7208064de46374463b67b2f52bbdf14f') in 0.014640 seconds
  Import took 0.019413 seconds .

========================================================================
Received Import Request.
  Time since last request: 0.003264 seconds.
  path: Assets/PlayerMovent.cs
  artifactKey: Guid(022def98450c1be45ae768e563e06537) Importer(815301076,1909f56bfc062723c751e8b465ee728b)
Start importing Assets/PlayerMovent.cs using Guid(022def98450c1be45ae768e563e06537) Importer(815301076,1909f56bfc062723c751e8b465ee728b)  -> (artifact id: '7208064de46374463b67b2f52bbdf14f') in 0.002885 seconds
  Import took 0.007061 seconds .

========================================================================
Received Prepare
Registering precompiled user dll's ...
Registered in 0.001190 seconds.
Begin MonoManager ReloadAssembly
Native extension for WindowsStandalone target not found
Refreshing native plugins compatible for Editor in 0.51 ms, found 0 plugins.
Preloading 0 native plugins for Editor in 0.00 ms.
Mono: successfully reloaded assembly
- Completed reload, in  0.768 seconds
Platform modules already initialized, skipping
Shader 'Universal Render Pipeline/Particles/Lit': fallback shader 'Universal Render Pipeline/Particles/SimpleLit' not found
Shader 'Universal Render Pipeline/Particles/Lit': fallback shader 'Universal Render Pipeline/Particles/SimpleLit' not found
Refreshing native plugins compatible for Editor in 0.48 ms, found 0 plugins.
Preloading 0 native plugins for Editor in 0.00 ms.
Unloading 2347 Unused Serialized files (Serialized files now loaded: 0)
System memory in use before: 115.1 MB.
System memory in use after: 112.3 MB.

Unloading 40 unused Assets to reduce memory usage. Loaded Objects now: 2915.
Total: 3.583300 ms (FindLiveObjects: 0.328500 ms CreateObjectMapping: 0.066900 ms MarkObjects: 1.696300 ms  DeleteObjects: 1.490200 ms)

========================================================================
Received Import Request.
  Time since last request: 8.837926 seconds.
  path: Assets/PlayerMovement.cs
  artifactKey: Guid(022def98450c1be45ae768e563e06537) Importer(815301076,1909f56bfc062723c751e8b465ee728b)
Start importing Assets/PlayerMovement.cs using Guid(022def98450c1be45ae768e563e06537) Importer(815301076,1909f56bfc062723c751e8b465ee728b)  -> (artifact id: 'c5d35359670edd571578ef20b788fd21') in 0.015182 seconds
  Import took 0.019915 seconds .

========================================================================
Received Import Request.
  Time since last request: 0.001306 seconds.
  path: Assets/PlayerMovement.cs
  artifactKey: Guid(022def98450c1be45ae768e563e06537) Importer(815301076,1909f56bfc062723c751e8b465ee728b)
Start importing Assets/PlayerMovement.cs using Guid(022def98450c1be45ae768e563e06537) Importer(815301076,1909f56bfc062723c751e8b465ee728b)  -> (artifact id: 'c5d35359670edd571578ef20b788fd21') in 0.002348 seconds
  Import took 0.005980 seconds .

========================================================================
Received Prepare
Registering precompiled user dll's ...
Registered in 0.001654 seconds.
Begin MonoManager ReloadAssembly
Native extension for WindowsStandalone target not found
Refreshing native plugins compatible for Editor in 0.52 ms, found 0 plugins.
Preloading 0 native plugins for Editor in 0.00 ms.
Mono: successfully reloaded assembly
- Completed reload, in  0.765 seconds
Platform modules already initialized, skipping
Shader 'Universal Render Pipeline/Particles/Lit': fallback shader 'Universal Render Pipeline/Particles/SimpleLit' not found
Shader 'Universal Render Pipeline/Particles/Lit': fallback shader 'Universal Render Pipeline/Particles/SimpleLit' not found
Refreshing native plugins compatible for Editor in 0.52 ms, found 0 plugins.
Preloading 0 native plugins for Editor in 0.00 ms.
Unloading 2347 Unused Serialized files (Serialized files now loaded: 0)
System memory in use before: 115.1 MB.
System memory in use after: 112.4 MB.

Unloading 40 unused Assets to reduce memory usage. Loaded Objects now: 2918.
Total: 3.568600 ms (FindLiveObjects: 0.308000 ms CreateObjectMapping: 0.059500 ms MarkObjects: 1.644400 ms  DeleteObjects: 1.555500 ms)

========================================================================
Received Prepare
Registering precompiled user dll's ...
Registered in 0.001197 seconds.
Begin MonoManager ReloadAssembly
Native extension for WindowsStandalone target not found
Refreshing native plugins compatible for Editor in 0.46 ms, found 0 plugins.
Preloading 0 native plugins for Editor in 0.00 ms.
Mono: successfully reloaded assembly
- Completed reload, in  0.792 seconds
Platform modules already initialized, skipping
Shader 'Universal Render Pipeline/Particles/Lit': fallback shader 'Universal Render Pipeline/Particles/SimpleLit' not found
Shader 'Universal Render Pipeline/Particles/Lit': fallback shader 'Universal Render Pipeline/Particles/SimpleLit' not found
Refreshing native plugins compatible for Editor in 0.49 ms, found 0 plugins.
Preloading 0 native plugins for Editor in 0.00 ms.
Unloading 2346 Unused Serialized files (Serialized files now loaded: 0)
System memory in use before: 115.0 MB.
System memory in use after: 112.3 MB.

Unloading 41 unused Assets to reduce memory usage. Loaded Objects now: 2920.
Total: 3.772100 ms (FindLiveObjects: 0.317000 ms CreateObjectMapping: 0.062900 ms MarkObjects: 1.893100 ms  DeleteObjects: 1.497200 ms)

========================================================================
Received Prepare
Registering precompiled user dll's ...
Registered in 0.001279 seconds.
Begin MonoManager ReloadAssembly
Native extension for WindowsStandalone target not found
Refreshing native plugins compatible for Editor in 0.46 ms, found 0 plugins.
Preloading 0 native plugins for Editor in 0.00 ms.
Mono: successfully reloaded assembly
- Completed reload, in  0.775 seconds
Platform modules already initialized, skipping
Shader 'Universal Render Pipeline/Particles/Lit': fallback shader 'Universal Render Pipeline/Particles/SimpleLit' not found
Shader 'Universal Render Pipeline/Particles/Lit': fallback shader 'Universal Render Pipeline/Particles/SimpleLit' not found
Refreshing native plugins compatible for Editor in 0.48 ms, found 0 plugins.
Preloading 0 native plugins for Editor in 0.00 ms.
Unloading 2347 Unused Serialized files (Serialized files now loaded: 0)
System memory in use before: 115.2 MB.
System memory in use after: 112.4 MB.

Unloading 40 unused Assets to reduce memory usage. Loaded Objects now: 2924.
Total: 4.025500 ms (FindLiveObjects: 0.322300 ms CreateObjectMapping: 0.073300 ms MarkObjects: 2.123000 ms  DeleteObjects: 1.505400 ms)

========================================================================
Received Import Request.
  Time since last request: 43.513016 seconds.
  path: Assets/PlayerMovement.cs
  artifactKey: Guid(022def98450c1be45ae768e563e06537) Importer(815301076,1909f56bfc062723c751e8b465ee728b)
Start importing Assets/PlayerMovement.cs using Guid(022def98450c1be45ae768e563e06537) Importer(815301076,1909f56bfc062723c751e8b465ee728b)  -> (artifact id: '830d76f39d7671577b93f24c80c2239d') in 0.005576 seconds
  Import took 0.010038 seconds .

========================================================================
Received Import Request.
  Time since last request: 0.005535 seconds.
  path: Assets/PlayerMovement.cs
  artifactKey: Guid(022def98450c1be45ae768e563e06537) Importer(815301076,1909f56bfc062723c751e8b465ee728b)
Start importing Assets/PlayerMovement.cs using Guid(022def98450c1be45ae768e563e06537) Importer(815301076,1909f56bfc062723c751e8b465ee728b)  -> (artifact id: '830d76f39d7671577b93f24c80c2239d') in 0.002720 seconds
  Import took 0.006731 seconds .

========================================================================
Received Import Request.
  Time since last request: 74.482183 seconds.
  path: Assets/PlayerMovement.cs
  artifactKey: Guid(022def98450c1be45ae768e563e06537) Importer(815301076,1909f56bfc062723c751e8b465ee728b)
Start importing Assets/PlayerMovement.cs using Guid(022def98450c1be45ae768e563e06537) Importer(815301076,1909f56bfc062723c751e8b465ee728b)  -> (artifact id: '3a8b7633a1b1cc7afde2dca148d288cb') in 0.002976 seconds
  Import took 0.007390 seconds .

========================================================================
Received Prepare
Registering precompiled user dll's ...
Registered in 0.001283 seconds.
Begin MonoManager ReloadAssembly
Native extension for WindowsStandalone target not found
Refreshing native plugins compatible for Editor in 0.45 ms, found 0 plugins.
Preloading 0 native plugins for Editor in 0.00 ms.
Mono: successfully reloaded assembly
- Completed reload, in  0.772 seconds
Platform modules already initialized, skipping
Shader 'Universal Render Pipeline/Particles/Lit': fallback shader 'Universal Render Pipeline/Particles/SimpleLit' not found
Shader 'Universal Render Pipeline/Particles/Lit': fallback shader 'Universal Render Pipeline/Particles/SimpleLit' not found
Refreshing native plugins compatible for Editor in 0.48 ms, found 0 plugins.
Preloading 0 native plugins for Editor in 0.00 ms.
Unloading 2347 Unused Serialized files (Serialized files now loaded: 0)
System memory in use before: 115.1 MB.
System memory in use after: 112.4 MB.

Unloading 40 unused Assets to reduce memory usage. Loaded Objects now: 2927.
Total: 3.540600 ms (FindLiveObjects: 0.302300 ms CreateObjectMapping: 0.062800 ms MarkObjects: 1.648000 ms  DeleteObjects: 1.526500 ms)

========================================================================
Received Import Request.
  Time since last request: 239.631423 seconds.
  path: Assets/PlayerMovement.cs
  artifactKey: Guid(022def98450c1be45ae768e563e06537) Importer(815301076,1909f56bfc062723c751e8b465ee728b)
Start importing Assets/PlayerMovement.cs using Guid(022def98450c1be45ae768e563e06537) Importer(815301076,1909f56bfc062723c751e8b465ee728b)  -> (artifact id: '6e3b1410b379341535e8b79d55621e82') in 0.005803 seconds
  Import took 0.010143 seconds .

========================================================================
Received Import Request.
  Time since last request: 0.005349 seconds.
  path: Assets/PlayerMovement.cs
  artifactKey: Guid(022def98450c1be45ae768e563e06537) Importer(815301076,1909f56bfc062723c751e8b465ee728b)
Start importing Assets/PlayerMovement.cs using Guid(022def98450c1be45ae768e563e06537) Importer(815301076,1909f56bfc062723c751e8b465ee728b)  -> (artifact id: '6e3b1410b379341535e8b79d55621e82') in 0.002165 seconds
  Import took 0.006090 seconds .

========================================================================
Received Prepare
Registering precompiled user dll's ...
Registered in 0.001326 seconds.
Begin MonoManager ReloadAssembly
Native extension for WindowsStandalone target not found
Refreshing native plugins compatible for Editor in 0.48 ms, found 0 plugins.
Preloading 0 native plugins for Editor in 0.00 ms.
Mono: successfully reloaded assembly
- Completed reload, in  0.768 seconds
Platform modules already initialized, skipping
Shader 'Universal Render Pipeline/Particles/Lit': fallback shader 'Universal Render Pipeline/Particles/SimpleLit' not found
Shader 'Universal Render Pipeline/Particles/Lit': fallback shader 'Universal Render Pipeline/Particles/SimpleLit' not found
Refreshing native plugins compatible for Editor in 0.47 ms, found 0 plugins.
Preloading 0 native plugins for Editor in 0.00 ms.
Unloading 2347 Unused Serialized files (Serialized files now loaded: 0)
System memory in use before: 115.2 MB.
System memory in use after: 112.4 MB.

Unloading 40 unused Assets to reduce memory usage. Loaded Objects now: 2930.
Total: 4.206100 ms (FindLiveObjects: 0.476800 ms CreateObjectMapping: 0.079100 ms MarkObjects: 2.107200 ms  DeleteObjects: 1.541600 ms)

========================================================================
Received Prepare
Registering precompiled user dll's ...
Registered in 0.001395 seconds.
Begin MonoManager ReloadAssembly
Native extension for WindowsStandalone target not found
Refreshing native plugins compatible for Editor in 0.49 ms, found 0 plugins.
Preloading 0 native plugins for Editor in 0.00 ms.
Mono: successfully reloaded assembly
- Completed reload, in  0.814 seconds
Platform modules already initialized, skipping
Shader 'Universal Render Pipeline/Particles/Lit': fallback shader 'Universal Render Pipeline/Particles/SimpleLit' not found
Shader 'Universal Render Pipeline/Particles/Lit': fallback shader 'Universal Render Pipeline/Particles/SimpleLit' not found
Refreshing native plugins compatible for Editor in 0.47 ms, found 0 plugins.
Preloading 0 native plugins for Editor in 0.00 ms.
Unloading 2347 Unused Serialized files (Serialized files now loaded: 0)
System memory in use before: 115.1 MB.
System memory in use after: 112.4 MB.

Unloading 40 unused Assets to reduce memory usage. Loaded Objects now: 2933.
Total: 3.865800 ms (FindLiveObjects: 0.348200 ms CreateObjectMapping: 0.066300 ms MarkObjects: 1.876500 ms  DeleteObjects: 1.572800 ms)

========================================================================
Received Prepare
Registering precompiled user dll's ...
Registered in 0.001355 seconds.
Begin MonoManager ReloadAssembly
Native extension for WindowsStandalone target not found
Refreshing native plugins compatible for Editor in 0.48 ms, found 0 plugins.
Preloading 0 native plugins for Editor in 0.00 ms.
Mono: successfully reloaded assembly
- Completed reload, in  0.767 seconds
Platform modules already initialized, skipping
Shader 'Universal Render Pipeline/Particles/Lit': fallback shader 'Universal Render Pipeline/Particles/SimpleLit' not found
Shader 'Universal Render Pipeline/Particles/Lit': fallback shader 'Universal Render Pipeline/Particles/SimpleLit' not found
Refreshing native plugins compatible for Editor in 0.53 ms, found 0 plugins.
Preloading 0 native plugins for Editor in 0.00 ms.
Unloading 2347 Unused Serialized files (Serialized files now loaded: 0)
System memory in use before: 115.0 MB.
System memory in use after: 112.3 MB.

Unloading 40 unused Assets to reduce memory usage. Loaded Objects now: 2936.
Total: 3.764700 ms (FindLiveObjects: 0.311500 ms CreateObjectMapping: 0.064700 ms MarkObjects: 1.894500 ms  DeleteObjects: 1.493000 ms)

========================================================================
Received Prepare
Registering precompiled user dll's ...
Registered in 0.001480 seconds.
Begin MonoManager ReloadAssembly
Native extension for WindowsStandalone target not found
Refreshing native plugins compatible for Editor in 0.49 ms, found 0 plugins.
Preloading 0 native plugins for Editor in 0.00 ms.
Mono: successfully reloaded assembly
- Completed reload, in  0.791 seconds
Platform modules already initialized, skipping
Shader 'Universal Render Pipeline/Particles/Lit': fallback shader 'Universal Render Pipeline/Particles/SimpleLit' not found
Shader 'Universal Render Pipeline/Particles/Lit': fallback shader 'Universal Render Pipeline/Particles/SimpleLit' not found
Refreshing native plugins compatible for Editor in 0.48 ms, found 0 plugins.
Preloading 0 native plugins for Editor in 0.00 ms.
Unloading 2347 Unused Serialized files (Serialized files now loaded: 0)
System memory in use before: 115.2 MB.
System memory in use after: 112.4 MB.

Unloading 40 unused Assets to reduce memory usage. Loaded Objects now: 2939.
Total: 3.619100 ms (FindLiveObjects: 0.307100 ms CreateObjectMapping: 0.066600 ms MarkObjects: 1.699800 ms  DeleteObjects: 1.544300 ms)

========================================================================
Received Prepare
Registering precompiled user dll's ...
Registered in 0.001514 seconds.
Begin MonoManager ReloadAssembly
Native extension for WindowsStandalone target not found
Refreshing native plugins compatible for Editor in 0.49 ms, found 0 plugins.
Preloading 0 native plugins for Editor in 0.00 ms.
Mono: successfully reloaded assembly
- Completed reload, in  0.773 seconds
Platform modules already initialized, skipping
Shader 'Universal Render Pipeline/Particles/Lit': fallback shader 'Universal Render Pipeline/Particles/SimpleLit' not found
Shader 'Universal Render Pipeline/Particles/Lit': fallback shader 'Universal Render Pipeline/Particles/SimpleLit' not found
Refreshing native plugins compatible for Editor in 0.49 ms, found 0 plugins.
Preloading 0 native plugins for Editor in 0.00 ms.
Unloading 2347 Unused Serialized files (Serialized files now loaded: 0)
System memory in use before: 115.2 MB.
System memory in use after: 112.4 MB.

Unloading 40 unused Assets to reduce memory usage. Loaded Objects now: 2942.
Total: 3.724900 ms (FindLiveObjects: 0.332200 ms CreateObjectMapping: 0.072500 ms MarkObjects: 1.683400 ms  DeleteObjects: 1.635800 ms)

========================================================================
Received Prepare
Registering precompiled user dll's ...
Registered in 0.002162 seconds.
Begin MonoManager ReloadAssembly
Native extension for WindowsStandalone target not found
Refreshing native plugins compatible for Editor in 0.55 ms, found 0 plugins.
Preloading 0 native plugins for Editor in 0.00 ms.
Mono: successfully reloaded assembly
- Completed reload, in  0.786 seconds
Platform modules already initialized, skipping
Shader 'Universal Render Pipeline/Particles/Lit': fallback shader 'Universal Render Pipeline/Particles/SimpleLit' not found
Shader 'Universal Render Pipeline/Particles/Lit': fallback shader 'Universal Render Pipeline/Particles/SimpleLit' not found
Refreshing native plugins compatible for Editor in 0.46 ms, found 0 plugins.
Preloading 0 native plugins for Editor in 0.00 ms.
Unloading 2347 Unused Serialized files (Serialized files now loaded: 0)
System memory in use before: 115.2 MB.
System memory in use after: 112.4 MB.

Unloading 40 unused Assets to reduce memory usage. Loaded Objects now: 2945.
Total: 3.720800 ms (FindLiveObjects: 0.298000 ms CreateObjectMapping: 0.062700 ms MarkObjects: 1.863100 ms  DeleteObjects: 1.495900 ms)

========================================================================
Received Prepare
Registering precompiled user dll's ...
Registered in 0.001275 seconds.
Begin MonoManager ReloadAssembly
Native extension for WindowsStandalone target not found
Refreshing native plugins compatible for Editor in 0.52 ms, found 0 plugins.
Preloading 0 native plugins for Editor in 0.00 ms.
Mono: successfully reloaded assembly
- Completed reload, in  0.765 seconds
Platform modules already initialized, skipping
Shader 'Universal Render Pipeline/Particles/Lit': fallback shader 'Universal Render Pipeline/Particles/SimpleLit' not found
Shader 'Universal Render Pipeline/Particles/Lit': fallback shader 'Universal Render Pipeline/Particles/SimpleLit' not found
Refreshing native plugins compatible for Editor in 0.55 ms, found 0 plugins.
Preloading 0 native plugins for Editor in 0.00 ms.
Unloading 2348 Unused Serialized files (Serialized files now loaded: 0)
System memory in use before: 115.2 MB.
System memory in use after: 112.5 MB.

Unloading 40 unused Assets to reduce memory usage. Loaded Objects now: 2949.
Total: 4.311200 ms (FindLiveObjects: 0.456900 ms CreateObjectMapping: 0.081600 ms MarkObjects: 1.856700 ms  DeleteObjects: 1.914600 ms)

========================================================================
Received Import Request.
  Time since last request: 573.340539 seconds.
  path: Assets/FollowPlayer.cs
  artifactKey: Guid(1131218c17b15994da779ae2dde56cd8) Importer(815301076,1909f56bfc062723c751e8b465ee728b)
Start importing Assets/FollowPlayer.cs using Guid(1131218c17b15994da779ae2dde56cd8) Importer(815301076,1909f56bfc062723c751e8b465ee728b)  -> (artifact id: 'd3643c8c67f15adcec30d03322cb452a') in 0.010442 seconds
  Import took 0.015867 seconds .

========================================================================
Received Prepare
Registering precompiled user dll's ...
Registered in 0.001257 seconds.
Begin MonoManager ReloadAssembly
Native extension for WindowsStandalone target not found
Refreshing native plugins compatible for Editor in 0.45 ms, found 0 plugins.
Preloading 0 native plugins for Editor in 0.00 ms.
Mono: successfully reloaded assembly
- Completed reload, in  0.758 seconds
Platform modules already initialized, skipping
Shader 'Universal Render Pipeline/Particles/Lit': fallback shader 'Universal Render Pipeline/Particles/SimpleLit' not found
Shader 'Universal Render Pipeline/Particles/Lit': fallback shader 'Universal Render Pipeline/Particles/SimpleLit' not found
Refreshing native plugins compatible for Editor in 0.48 ms, found 0 plugins.
Preloading 0 native plugins for Editor in 0.00 ms.
Unloading 2348 Unused Serialized files (Serialized files now loaded: 0)
System memory in use before: 115.2 MB.
System memory in use after: 112.4 MB.

Unloading 40 unused Assets to reduce memory usage. Loaded Objects now: 2952.
Total: 3.621500 ms (FindLiveObjects: 0.377800 ms CreateObjectMapping: 0.065000 ms MarkObjects: 1.680700 ms  DeleteObjects: 1.495800 ms)

========================================================================
Received Prepare
Registering precompiled user dll's ...
Registered in 0.001291 seconds.
Begin MonoManager ReloadAssembly
Native extension for WindowsStandalone target not found
Refreshing native plugins compatible for Editor in 0.47 ms, found 0 plugins.
Preloading 0 native plugins for Editor in 0.00 ms.
Mono: successfully reloaded assembly
- Completed reload, in  0.780 seconds
Platform modules already initialized, skipping
Shader 'Universal Render Pipeline/Particles/Lit': fallback shader 'Universal Render Pipeline/Particles/SimpleLit' not found
Shader 'Universal Render Pipeline/Particles/Lit': fallback shader 'Universal Render Pipeline/Particles/SimpleLit' not found
Refreshing native plugins compatible for Editor in 0.46 ms, found 0 plugins.
Preloading 0 native plugins for Editor in 0.00 ms.
Unloading 2348 Unused Serialized files (Serialized files now loaded: 0)
System memory in use before: 115.3 MB.
System memory in use after: 112.5 MB.

Unloading 40 unused Assets to reduce memory usage. Loaded Objects now: 2955.
Total: 4.013400 ms (FindLiveObjects: 0.450500 ms CreateObjectMapping: 0.092300 ms MarkObjects: 1.963900 ms  DeleteObjects: 1.505700 ms)

========================================================================
Received Import Request.
  Time since last request: 134.530988 seconds.
  path: Assets/FollowPlayer.cs
  artifactKey: Guid(1131218c17b15994da779ae2dde56cd8) Importer(815301076,1909f56bfc062723c751e8b465ee728b)
Start importing Assets/FollowPlayer.cs using Guid(1131218c17b15994da779ae2dde56cd8) Importer(815301076,1909f56bfc062723c751e8b465ee728b)  -> (artifact id: 'f5e1211d0b78415d402daf25de336e66') in 0.006148 seconds
  Import took 0.014180 seconds .

========================================================================
Received Import Request.
  Time since last request: 0.001161 seconds.
  path: Assets/FollowPlayer.cs
  artifactKey: Guid(1131218c17b15994da779ae2dde56cd8) Importer(815301076,1909f56bfc062723c751e8b465ee728b)
Start importing Assets/FollowPlayer.cs using Guid(1131218c17b15994da779ae2dde56cd8) Importer(815301076,1909f56bfc062723c751e8b465ee728b)  -> (artifact id: 'f5e1211d0b78415d402daf25de336e66') in 0.002700 seconds
  Import took 0.006150 seconds .

========================================================================
Received Prepare
Registering precompiled user dll's ...
Registered in 0.001412 seconds.
Begin MonoManager ReloadAssembly
Native extension for WindowsStandalone target not found
Refreshing native plugins compatible for Editor in 0.59 ms, found 0 plugins.
Preloading 0 native plugins for Editor in 0.00 ms.
Mono: successfully reloaded assembly
- Completed reload, in  0.877 seconds
Platform modules already initialized, skipping
Shader 'Universal Render Pipeline/Particles/Lit': fallback shader 'Universal Render Pipeline/Particles/SimpleLit' not found
Shader 'Universal Render Pipeline/Particles/Lit': fallback shader 'Universal Render Pipeline/Particles/SimpleLit' not found
Refreshing native plugins compatible for Editor in 0.47 ms, found 0 plugins.
Preloading 0 native plugins for Editor in 0.00 ms.
Unloading 2348 Unused Serialized files (Serialized files now loaded: 0)
System memory in use before: 115.2 MB.
System memory in use after: 112.5 MB.

Unloading 40 unused Assets to reduce memory usage. Loaded Objects now: 2958.
Total: 3.722000 ms (FindLiveObjects: 0.301900 ms CreateObjectMapping: 0.074300 ms MarkObjects: 1.831100 ms  DeleteObjects: 1.513600 ms)

========================================================================
Received Prepare
Registering precompiled user dll's ...
Registered in 0.001210 seconds.
Begin MonoManager ReloadAssembly
Native extension for WindowsStandalone target not found
Refreshing native plugins compatible for Editor in 0.45 ms, found 0 plugins.
Preloading 0 native plugins for Editor in 0.00 ms.
Mono: successfully reloaded assembly
- Completed reload, in  0.764 seconds
Platform modules already initialized, skipping
Shader 'Universal Render Pipeline/Particles/Lit': fallback shader 'Universal Render Pipeline/Particles/SimpleLit' not found
Shader 'Universal Render Pipeline/Particles/Lit': fallback shader 'Universal Render Pipeline/Particles/SimpleLit' not found
Refreshing native plugins compatible for Editor in 0.47 ms, found 0 plugins.
Preloading 0 native plugins for Editor in 0.00 ms.
Unloading 2347 Unused Serialized files (Serialized files now loaded: 0)
System memory in use before: 115.2 MB.
System memory in use after: 112.5 MB.

Unloading 41 unused Assets to reduce memory usage. Loaded Objects now: 2960.
Total: 3.863700 ms (FindLiveObjects: 0.330600 ms CreateObjectMapping: 0.078400 ms MarkObjects: 1.969700 ms  DeleteObjects: 1.483700 ms)

========================================================================
Received Import Request.
  Time since last request: 53.818041 seconds.
  path: Assets/FollowPlayer.cs
  artifactKey: Guid(1131218c17b15994da779ae2dde56cd8) Importer(815301076,1909f56bfc062723c751e8b465ee728b)
Start importing Assets/FollowPlayer.cs using Guid(1131218c17b15994da779ae2dde56cd8) Importer(815301076,1909f56bfc062723c751e8b465ee728b)  -> (artifact id: 'f23e1e9a4467110d308035f51a7db359') in 0.005775 seconds
  Import took 0.010059 seconds .

========================================================================
Received Prepare
Registering precompiled user dll's ...
Registered in 0.001297 seconds.
Begin MonoManager ReloadAssembly
Native extension for WindowsStandalone target not found
Refreshing native plugins compatible for Editor in 0.54 ms, found 0 plugins.
Preloading 0 native plugins for Editor in 0.00 ms.
Mono: successfully reloaded assembly
- Completed reload, in  0.875 seconds
Platform modules already initialized, skipping
Shader 'Universal Render Pipeline/Particles/Lit': fallback shader 'Universal Render Pipeline/Particles/SimpleLit' not found
Shader 'Universal Render Pipeline/Particles/Lit': fallback shader 'Universal Render Pipeline/Particles/SimpleLit' not found
Refreshing native plugins compatible for Editor in 0.56 ms, found 0 plugins.
Preloading 0 native plugins for Editor in 0.00 ms.
Unloading 2348 Unused Serialized files (Serialized files now loaded: 0)
System memory in use before: 115.2 MB.
System memory in use after: 112.5 MB.

Unloading 40 unused Assets to reduce memory usage. Loaded Objects now: 2964.
Total: 5.555100 ms (FindLiveObjects: 0.359000 ms CreateObjectMapping: 0.067500 ms MarkObjects: 2.849200 ms  DeleteObjects: 2.277500 ms)

========================================================================
Received Import Request.
  Time since last request: 11.704239 seconds.
  path: Assets/FollowPlayer.cs
  artifactKey: Guid(1131218c17b15994da779ae2dde56cd8) Importer(815301076,1909f56bfc062723c751e8b465ee728b)
Start importing Assets/FollowPlayer.cs using Guid(1131218c17b15994da779ae2dde56cd8) Importer(815301076,1909f56bfc062723c751e8b465ee728b)  -> (artifact id: '698d6fc611b5e2670cab618233c9ac13') in 0.008161 seconds
  Import took 0.015658 seconds .

========================================================================
Received Prepare
Registering precompiled user dll's ...
Registered in 0.001214 seconds.
Begin MonoManager ReloadAssembly
Native extension for WindowsStandalone target not found
Refreshing native plugins compatible for Editor in 0.47 ms, found 0 plugins.
Preloading 0 native plugins for Editor in 0.00 ms.
Mono: successfully reloaded assembly
- Completed reload, in  0.785 seconds
Platform modules already initialized, skipping
Shader 'Universal Render Pipeline/Particles/Lit': fallback shader 'Universal Render Pipeline/Particles/SimpleLit' not found
Shader 'Universal Render Pipeline/Particles/Lit': fallback shader 'Universal Render Pipeline/Particles/SimpleLit' not found
Refreshing native plugins compatible for Editor in 0.50 ms, found 0 plugins.
Preloading 0 native plugins for Editor in 0.00 ms.
Unloading 2347 Unused Serialized files (Serialized files now loaded: 0)
System memory in use before: 115.1 MB.
System memory in use after: 112.4 MB.

Unloading 41 unused Assets to reduce memory usage. Loaded Objects now: 2966.
Total: 4.254800 ms (FindLiveObjects: 0.438900 ms CreateObjectMapping: 0.091000 ms MarkObjects: 2.002200 ms  DeleteObjects: 1.721600 ms)

========================================================================
Received Prepare
Registering precompiled user dll's ...
Registered in 0.001240 seconds.
Begin MonoManager ReloadAssembly
Native extension for WindowsStandalone target not found
Refreshing native plugins compatible for Editor in 0.47 ms, found 0 plugins.
Preloading 0 native plugins for Editor in 0.00 ms.
Mono: successfully reloaded assembly
- Completed reload, in  0.782 seconds
Platform modules already initialized, skipping
Shader 'Universal Render Pipeline/Particles/Lit': fallback shader 'Universal Render Pipeline/Particles/SimpleLit' not found
Shader 'Universal Render Pipeline/Particles/Lit': fallback shader 'Universal Render Pipeline/Particles/SimpleLit' not found
Refreshing native plugins compatible for Editor in 0.47 ms, found 0 plugins.
Preloading 0 native plugins for Editor in 0.00 ms.
Unloading 2348 Unused Serialized files (Serialized files now loaded: 0)
System memory in use before: 115.3 MB.
System memory in use after: 112.5 MB.

Unloading 40 unused Assets to reduce memory usage. Loaded Objects now: 2970.
Total: 3.620500 ms (FindLiveObjects: 0.346800 ms CreateObjectMapping: 0.064500 ms MarkObjects: 1.661400 ms  DeleteObjects: 1.546200 ms)

========================================================================
Received Prepare
Registering precompiled user dll's ...
Registered in 0.001306 seconds.
Begin MonoManager ReloadAssembly
Native extension for WindowsStandalone target not found
Refreshing native plugins compatible for Editor in 0.48 ms, found 0 plugins.
Preloading 0 native plugins for Editor in 0.00 ms.
Mono: successfully reloaded assembly
- Completed reload, in  0.780 seconds
Platform modules already initialized, skipping
Shader 'Universal Render Pipeline/Particles/Lit': fallback shader 'Universal Render Pipeline/Particles/SimpleLit' not found
Shader 'Universal Render Pipeline/Particles/Lit': fallback shader 'Universal Render Pipeline/Particles/SimpleLit' not found
Refreshing native plugins compatible for Editor in 0.45 ms, found 0 plugins.
Preloading 0 native plugins for Editor in 0.00 ms.
Unloading 2348 Unused Serialized files (Serialized files now loaded: 0)
System memory in use before: 115.3 MB.
System memory in use after: 112.5 MB.

Unloading 40 unused Assets to reduce memory usage. Loaded Objects now: 2973.
Total: 3.930600 ms (FindLiveObjects: 0.296400 ms CreateObjectMapping: 0.064600 ms MarkObjects: 1.992300 ms  DeleteObjects: 1.576300 ms)

========================================================================
Received Prepare
Registering precompiled user dll's ...
Registered in 0.001401 seconds.
Begin MonoManager ReloadAssembly
Native extension for WindowsStandalone target not found
Refreshing native plugins compatible for Editor in 0.53 ms, found 0 plugins.
Preloading 0 native plugins for Editor in 0.00 ms.
Mono: successfully reloaded assembly
- Completed reload, in  0.912 seconds
Platform modules already initialized, skipping
Shader 'Universal Render Pipeline/Particles/Lit': fallback shader 'Universal Render Pipeline/Particles/SimpleLit' not found
Shader 'Universal Render Pipeline/Particles/Lit': fallback shader 'Universal Render Pipeline/Particles/SimpleLit' not found
Refreshing native plugins compatible for Editor in 0.62 ms, found 0 plugins.
Preloading 0 native plugins for Editor in 0.00 ms.
Unloading 2348 Unused Serialized files (Serialized files now loaded: 0)
System memory in use before: 115.2 MB.
System memory in use after: 112.5 MB.

Unloading 40 unused Assets to reduce memory usage. Loaded Objects now: 2976.
Total: 3.834600 ms (FindLiveObjects: 0.353800 ms CreateObjectMapping: 0.068800 ms MarkObjects: 1.784100 ms  DeleteObjects: 1.626900 ms)

========================================================================
Received Prepare
Registering precompiled user dll's ...
Registered in 0.001258 seconds.
Begin MonoManager ReloadAssembly
Native extension for WindowsStandalone target not found
Refreshing native plugins compatible for Editor in 0.47 ms, found 0 plugins.
Preloading 0 native plugins for Editor in 0.00 ms.
Mono: successfully reloaded assembly
- Completed reload, in  0.740 seconds
Platform modules already initialized, skipping
Shader 'Universal Render Pipeline/Particles/Lit': fallback shader 'Universal Render Pipeline/Particles/SimpleLit' not found
Shader 'Universal Render Pipeline/Particles/Lit': fallback shader 'Universal Render Pipeline/Particles/SimpleLit' not found
Refreshing native plugins compatible for Editor in 0.46 ms, found 0 plugins.
Preloading 0 native plugins for Editor in 0.00 ms.
Unloading 2348 Unused Serialized files (Serialized files now loaded: 0)
System memory in use before: 115.3 MB.
System memory in use after: 112.5 MB.

Unloading 40 unused Assets to reduce memory usage. Loaded Objects now: 2979.
Total: 4.036900 ms (FindLiveObjects: 0.334500 ms CreateObjectMapping: 0.068700 ms MarkObjects: 2.062000 ms  DeleteObjects: 1.570100 ms)

========================================================================
Received Import Request.
  Time since last request: 1973.352773 seconds.
  path: Assets/Slippery.physicMaterial
  artifactKey: Guid(1979498f2f065dd4ab0bfc3ab5f334e2) Importer(815301076,1909f56bfc062723c751e8b465ee728b)
Start importing Assets/Slippery.physicMaterial using Guid(1979498f2f065dd4ab0bfc3ab5f334e2) Importer(815301076,1909f56bfc062723c751e8b465ee728b)  -> (artifact id: '5b1824276a2a9d2ec9f264290530b14b') in 0.018551 seconds
  Import took 0.022958 seconds .

========================================================================
Received Prepare
Registering precompiled user dll's ...
Registered in 0.001188 seconds.
Begin MonoManager ReloadAssembly
Native extension for WindowsStandalone target not found
Refreshing native plugins compatible for Editor in 0.45 ms, found 0 plugins.
Preloading 0 native plugins for Editor in 0.00 ms.
Mono: successfully reloaded assembly
- Completed reload, in  0.764 seconds
Platform modules already initialized, skipping
Shader 'Universal Render Pipeline/Particles/Lit': fallback shader 'Universal Render Pipeline/Particles/SimpleLit' not found
Shader 'Universal Render Pipeline/Particles/Lit': fallback shader 'Universal Render Pipeline/Particles/SimpleLit' not found
Refreshing native plugins compatible for Editor in 0.46 ms, found 0 plugins.
Preloading 0 native plugins for Editor in 0.00 ms.
Unloading 2348 Unused Serialized files (Serialized files now loaded: 0)
System memory in use before: 115.2 MB.
System memory in use after: 112.4 MB.

Unloading 40 unused Assets to reduce memory usage. Loaded Objects now: 2982.
Total: 3.976500 ms (FindLiveObjects: 0.357800 ms CreateObjectMapping: 0.066700 ms MarkObjects: 1.796400 ms  DeleteObjects: 1.753500 ms)

========================================================================
Received Import Request.
  Time since last request: 1366.741755 seconds.
  path: Assets/Freelook.cs
  artifactKey: Guid(68237eb8367bd3a4c8289764a80c3b36) Importer(815301076,1909f56bfc062723c751e8b465ee728b)
Start importing Assets/Freelook.cs using Guid(68237eb8367bd3a4c8289764a80c3b36) Importer(815301076,1909f56bfc062723c751e8b465ee728b)  -> (artifact id: 'e10a52060d4162cc553983033ee98310') in 0.011200 seconds
  Import took 0.015887 seconds .

========================================================================
Received Import Request.
  Time since last request: 0.006030 seconds.
  path: Assets/Freelook.cs
  artifactKey: Guid(68237eb8367bd3a4c8289764a80c3b36) Importer(815301076,1909f56bfc062723c751e8b465ee728b)
Start importing Assets/Freelook.cs using Guid(68237eb8367bd3a4c8289764a80c3b36) Importer(815301076,1909f56bfc062723c751e8b465ee728b)  -> (artifact id: 'e10a52060d4162cc553983033ee98310') in 0.004309 seconds
  Import took 0.008721 seconds .

========================================================================
Received Prepare
Registering precompiled user dll's ...
Registered in 0.001659 seconds.
Begin MonoManager ReloadAssembly
Native extension for WindowsStandalone target not found
Refreshing native plugins compatible for Editor in 0.49 ms, found 0 plugins.
Preloading 0 native plugins for Editor in 0.00 ms.
Mono: successfully reloaded assembly
- Completed reload, in  0.790 seconds
Platform modules already initialized, skipping
Shader 'Universal Render Pipeline/Particles/Lit': fallback shader 'Universal Render Pipeline/Particles/SimpleLit' not found
Shader 'Universal Render Pipeline/Particles/Lit': fallback shader 'Universal Render Pipeline/Particles/SimpleLit' not found
Refreshing native plugins compatible for Editor in 0.47 ms, found 0 plugins.
Preloading 0 native plugins for Editor in 0.00 ms.
Unloading 2349 Unused Serialized files (Serialized files now loaded: 0)
System memory in use before: 115.3 MB.
System memory in use after: 112.6 MB.

Unloading 40 unused Assets to reduce memory usage. Loaded Objects now: 2986.
Total: 4.306300 ms (FindLiveObjects: 0.515000 ms CreateObjectMapping: 0.070600 ms MarkObjects: 2.176200 ms  DeleteObjects: 1.543100 ms)

========================================================================
Received Prepare
Registering precompiled user dll's ...
Registered in 0.002108 seconds.
Begin MonoManager ReloadAssembly
Native extension for WindowsStandalone target not found
Refreshing native plugins compatible for Editor in 0.74 ms, found 0 plugins.
Preloading 0 native plugins for Editor in 0.00 ms.
Mono: successfully reloaded assembly
- Completed reload, in  0.807 seconds
Platform modules already initialized, skipping
Shader 'Universal Render Pipeline/Particles/Lit': fallback shader 'Universal Render Pipeline/Particles/SimpleLit' not found
Shader 'Universal Render Pipeline/Particles/Lit': fallback shader 'Universal Render Pipeline/Particles/SimpleLit' not found
Refreshing native plugins compatible for Editor in 0.51 ms, found 0 plugins.
Preloading 0 native plugins for Editor in 0.00 ms.
Unloading 2349 Unused Serialized files (Serialized files now loaded: 0)
System memory in use before: 115.3 MB.
System memory in use after: 112.6 MB.

Unloading 40 unused Assets to reduce memory usage. Loaded Objects now: 2989.
Total: 3.925200 ms (FindLiveObjects: 0.374200 ms CreateObjectMapping: 0.067100 ms MarkObjects: 1.821600 ms  DeleteObjects: 1.660300 ms)

========================================================================
Received Import Request.
  Time since last request: 124.486901 seconds.
  path: Assets/PlayerMovement.cs
  artifactKey: Guid(022def98450c1be45ae768e563e06537) Importer(815301076,1909f56bfc062723c751e8b465ee728b)
Start importing Assets/PlayerMovement.cs using Guid(022def98450c1be45ae768e563e06537) Importer(815301076,1909f56bfc062723c751e8b465ee728b)  -> (artifact id: '167cf283ebfd48ffb58e518ead5133c3') in 0.007346 seconds
  Import took 0.014965 seconds .

========================================================================
Received Import Request.
  Time since last request: 0.009995 seconds.
  path: Assets/PlayerMovement.cs
  artifactKey: Guid(022def98450c1be45ae768e563e06537) Importer(815301076,1909f56bfc062723c751e8b465ee728b)
Start importing Assets/PlayerMovement.cs using Guid(022def98450c1be45ae768e563e06537) Importer(815301076,1909f56bfc062723c751e8b465ee728b)  -> (artifact id: '167cf283ebfd48ffb58e518ead5133c3') in 0.002414 seconds
  Import took 0.006044 seconds .

========================================================================
Received Prepare
Registering precompiled user dll's ...
Registered in 0.001336 seconds.
Begin MonoManager ReloadAssembly
Native extension for WindowsStandalone target not found
Refreshing native plugins compatible for Editor in 0.48 ms, found 0 plugins.
Preloading 0 native plugins for Editor in 0.00 ms.
Mono: successfully reloaded assembly
- Completed reload, in  0.794 seconds
Platform modules already initialized, skipping
Shader 'Universal Render Pipeline/Particles/Lit': fallback shader 'Universal Render Pipeline/Particles/SimpleLit' not found
Shader 'Universal Render Pipeline/Particles/Lit': fallback shader 'Universal Render Pipeline/Particles/SimpleLit' not found
Refreshing native plugins compatible for Editor in 0.48 ms, found 0 plugins.
Preloading 0 native plugins for Editor in 0.00 ms.
Unloading 2349 Unused Serialized files (Serialized files now loaded: 0)
System memory in use before: 115.3 MB.
System memory in use after: 112.6 MB.

Unloading 40 unused Assets to reduce memory usage. Loaded Objects now: 2992.
Total: 4.668900 ms (FindLiveObjects: 0.461000 ms CreateObjectMapping: 0.071700 ms MarkObjects: 2.540300 ms  DeleteObjects: 1.594300 ms)

========================================================================
Received Import Request.
  Time since last request: 15.654772 seconds.
  path: Assets/Freelook.cs
  artifactKey: Guid(68237eb8367bd3a4c8289764a80c3b36) Importer(815301076,1909f56bfc062723c751e8b465ee728b)
Start importing Assets/Freelook.cs using Guid(68237eb8367bd3a4c8289764a80c3b36) Importer(815301076,1909f56bfc062723c751e8b465ee728b)  -> (artifact id: 'e841e4a96ff5832813842fdebd935a29') in 0.009008 seconds
  Import took 0.012773 seconds .

========================================================================
Received Import Request.
  Time since last request: 8.264704 seconds.
  path: Assets/CameraScript.cs
  artifactKey: Guid(68237eb8367bd3a4c8289764a80c3b36) Importer(815301076,1909f56bfc062723c751e8b465ee728b)
Start importing Assets/CameraScript.cs using Guid(68237eb8367bd3a4c8289764a80c3b36) Importer(815301076,1909f56bfc062723c751e8b465ee728b)  -> (artifact id: '7d3ab4cdf49e38833ecde16db83c4a2a') in 0.009668 seconds
  Import took 0.013941 seconds .

========================================================================
Received Import Request.
  Time since last request: 16.262777 seconds.
  path: Assets/FollowPlayer.cs
  artifactKey: Guid(1131218c17b15994da779ae2dde56cd8) Importer(815301076,1909f56bfc062723c751e8b465ee728b)
Start importing Assets/FollowPlayer.cs using Guid(1131218c17b15994da779ae2dde56cd8) Importer(815301076,1909f56bfc062723c751e8b465ee728b)  -> (artifact id: '7bfe2809348399ec2248c09d16181425') in 0.002840 seconds
  Import took 0.006971 seconds .

========================================================================
Received Import Request.
  Time since last request: 0.005402 seconds.
  path: Assets/FollowPlayer.cs
  artifactKey: Guid(1131218c17b15994da779ae2dde56cd8) Importer(815301076,1909f56bfc062723c751e8b465ee728b)
Start importing Assets/FollowPlayer.cs using Guid(1131218c17b15994da779ae2dde56cd8) Importer(815301076,1909f56bfc062723c751e8b465ee728b)  -> (artifact id: '7bfe2809348399ec2248c09d16181425') in 0.002638 seconds
  Import took 0.006753 seconds .

========================================================================
Received Prepare
Registering precompiled user dll's ...
Registered in 0.001370 seconds.
Begin MonoManager ReloadAssembly
Native extension for WindowsStandalone target not found
Refreshing native plugins compatible for Editor in 0.48 ms, found 0 plugins.
Preloading 0 native plugins for Editor in 0.00 ms.
Mono: successfully reloaded assembly
- Completed reload, in  0.816 seconds
Platform modules already initialized, skipping
Shader 'Universal Render Pipeline/Particles/Lit': fallback shader 'Universal Render Pipeline/Particles/SimpleLit' not found
Shader 'Universal Render Pipeline/Particles/Lit': fallback shader 'Universal Render Pipeline/Particles/SimpleLit' not found
Refreshing native plugins compatible for Editor in 0.47 ms, found 0 plugins.
Preloading 0 native plugins for Editor in 0.00 ms.
Unloading 2348 Unused Serialized files (Serialized files now loaded: 0)
System memory in use before: 115.3 MB.
System memory in use after: 112.6 MB.

Unloading 41 unused Assets to reduce memory usage. Loaded Objects now: 2994.
Total: 4.618800 ms (FindLiveObjects: 0.606100 ms CreateObjectMapping: 0.187200 ms MarkObjects: 2.282300 ms  DeleteObjects: 1.541500 ms)

========================================================================
Received Prepare
Registering precompiled user dll's ...
Registered in 0.001372 seconds.
Begin MonoManager ReloadAssembly
Native extension for WindowsStandalone target not found
Refreshing native plugins compatible for Editor in 0.45 ms, found 0 plugins.
Preloading 0 native plugins for Editor in 0.00 ms.
Mono: successfully reloaded assembly
- Completed reload, in  0.817 seconds
Platform modules already initialized, skipping
Shader 'Universal Render Pipeline/Particles/Lit': fallback shader 'Universal Render Pipeline/Particles/SimpleLit' not found
Shader 'Universal Render Pipeline/Particles/Lit': fallback shader 'Universal Render Pipeline/Particles/SimpleLit' not found
Refreshing native plugins compatible for Editor in 0.49 ms, found 0 plugins.
Preloading 0 native plugins for Editor in 0.00 ms.
Unloading 2348 Unused Serialized files (Serialized files now loaded: 0)
System memory in use before: 115.2 MB.
System memory in use after: 112.5 MB.

Unloading 40 unused Assets to reduce memory usage. Loaded Objects now: 2997.
Total: 4.851700 ms (FindLiveObjects: 0.575300 ms CreateObjectMapping: 0.076400 ms MarkObjects: 2.496300 ms  DeleteObjects: 1.701700 ms)

========================================================================
Received Import Request.
  Time since last request: 215.047905 seconds.
  path: Assets/FollowPlayer.cs
  artifactKey: Guid(1131218c17b15994da779ae2dde56cd8) Importer(815301076,1909f56bfc062723c751e8b465ee728b)
Start importing Assets/FollowPlayer.cs using Guid(1131218c17b15994da779ae2dde56cd8) Importer(815301076,1909f56bfc062723c751e8b465ee728b)  -> (artifact id: '7a6b0fcf5e79cdd230be25dc7bb089dc') in 0.007000 seconds
  Import took 0.014961 seconds .

========================================================================
Received Import Request.
  Time since last request: 0.000382 seconds.
  path: Assets/FollowPlayer.cs
  artifactKey: Guid(1131218c17b15994da779ae2dde56cd8) Importer(815301076,1909f56bfc062723c751e8b465ee728b)
Start importing Assets/FollowPlayer.cs using Guid(1131218c17b15994da779ae2dde56cd8) Importer(815301076,1909f56bfc062723c751e8b465ee728b)  -> (artifact id: '7a6b0fcf5e79cdd230be25dc7bb089dc') in 0.002429 seconds
  Import took 0.005959 seconds .

========================================================================
Received Prepare
Registering precompiled user dll's ...
Registered in 0.001298 seconds.
Begin MonoManager ReloadAssembly
Native extension for WindowsStandalone target not found
Refreshing native plugins compatible for Editor in 0.71 ms, found 0 plugins.
Preloading 0 native plugins for Editor in 0.00 ms.
Mono: successfully reloaded assembly
- Completed reload, in  0.805 seconds
Platform modules already initialized, skipping
Shader 'Universal Render Pipeline/Particles/Lit': fallback shader 'Universal Render Pipeline/Particles/SimpleLit' not found
Shader 'Universal Render Pipeline/Particles/Lit': fallback shader 'Universal Render Pipeline/Particles/SimpleLit' not found
Refreshing native plugins compatible for Editor in 0.66 ms, found 0 plugins.
Preloading 0 native plugins for Editor in 0.00 ms.
Unloading 2348 Unused Serialized files (Serialized files now loaded: 0)
System memory in use before: 115.3 MB.
System memory in use after: 112.6 MB.

Unloading 40 unused Assets to reduce memory usage. Loaded Objects now: 3000.
Total: 3.955500 ms (FindLiveObjects: 0.530600 ms CreateObjectMapping: 0.131600 ms MarkObjects: 1.789700 ms  DeleteObjects: 1.502000 ms)

========================================================================
Received Import Request.
  Time since last request: 24.468765 seconds.
  path: Assets/FollowPlayer.cs
  artifactKey: Guid(1131218c17b15994da779ae2dde56cd8) Importer(815301076,1909f56bfc062723c751e8b465ee728b)
Start importing Assets/FollowPlayer.cs using Guid(1131218c17b15994da779ae2dde56cd8) Importer(815301076,1909f56bfc062723c751e8b465ee728b)  -> (artifact id: 'd659aa10b482af8728d853dcf1ed7fbf') in 0.007061 seconds
  Import took 0.015611 seconds .

========================================================================
Received Prepare
Registering precompiled user dll's ...
Registered in 0.001318 seconds.
Begin MonoManager ReloadAssembly
Native extension for WindowsStandalone target not found
Refreshing native plugins compatible for Editor in 0.46 ms, found 0 plugins.
Preloading 0 native plugins for Editor in 0.00 ms.
Mono: successfully reloaded assembly
- Completed reload, in  0.817 seconds
Platform modules already initialized, skipping
Shader 'Universal Render Pipeline/Particles/Lit': fallback shader 'Universal Render Pipeline/Particles/SimpleLit' not found
Shader 'Universal Render Pipeline/Particles/Lit': fallback shader 'Universal Render Pipeline/Particles/SimpleLit' not found
Refreshing native plugins compatible for Editor in 0.93 ms, found 0 plugins.
Preloading 0 native plugins for Editor in 0.00 ms.
Unloading 2348 Unused Serialized files (Serialized files now loaded: 0)
System memory in use before: 115.3 MB.
System memory in use after: 112.6 MB.

Unloading 40 unused Assets to reduce memory usage. Loaded Objects now: 3003.
Total: 3.934900 ms (FindLiveObjects: 0.340000 ms CreateObjectMapping: 0.063600 ms MarkObjects: 1.950900 ms  DeleteObjects: 1.578500 ms)

========================================================================
Received Import Request.
  Time since last request: 48.928656 seconds.
  path: Assets/CameraScript.cs
  artifactKey: Guid(68237eb8367bd3a4c8289764a80c3b36) Importer(815301076,1909f56bfc062723c751e8b465ee728b)
Start importing Assets/CameraScript.cs using Guid(68237eb8367bd3a4c8289764a80c3b36) Importer(815301076,1909f56bfc062723c751e8b465ee728b)  -> (artifact id: 'c45b022c20efdb39a02cbae24f942adc') in 0.007081 seconds
  Import took 0.011560 seconds .

========================================================================
Received Prepare
Registering precompiled user dll's ...
Registered in 0.001494 seconds.
Begin MonoManager ReloadAssembly
Native extension for WindowsStandalone target not found
Refreshing native plugins compatible for Editor in 0.51 ms, found 0 plugins.
Preloading 0 native plugins for Editor in 0.00 ms.
Mono: successfully reloaded assembly
- Completed reload, in  0.860 seconds
Platform modules already initialized, skipping
Shader 'Universal Render Pipeline/Particles/Lit': fallback shader 'Universal Render Pipeline/Particles/SimpleLit' not found
Shader 'Universal Render Pipeline/Particles/Lit': fallback shader 'Universal Render Pipeline/Particles/SimpleLit' not found
Refreshing native plugins compatible for Editor in 0.49 ms, found 0 plugins.
Preloading 0 native plugins for Editor in 0.00 ms.
Unloading 2349 Unused Serialized files (Serialized files now loaded: 0)
System memory in use before: 115.4 MB.
System memory in use after: 112.6 MB.

Unloading 40 unused Assets to reduce memory usage. Loaded Objects now: 3007.
Total: 4.260400 ms (FindLiveObjects: 0.401200 ms CreateObjectMapping: 0.070200 ms MarkObjects: 2.256900 ms  DeleteObjects: 1.530800 ms)

========================================================================
Received Prepare
Registering precompiled user dll's ...
Registered in 0.001339 seconds.
Begin MonoManager ReloadAssembly
Native extension for WindowsStandalone target not found
Refreshing native plugins compatible for Editor in 0.48 ms, found 0 plugins.
Preloading 0 native plugins for Editor in 0.00 ms.
Mono: successfully reloaded assembly
- Completed reload, in  0.758 seconds
Platform modules already initialized, skipping
Shader 'Universal Render Pipeline/Particles/Lit': fallback shader 'Universal Render Pipeline/Particles/SimpleLit' not found
Shader 'Universal Render Pipeline/Particles/Lit': fallback shader 'Universal Render Pipeline/Particles/SimpleLit' not found
Refreshing native plugins compatible for Editor in 0.47 ms, found 0 plugins.
Preloading 0 native plugins for Editor in 0.00 ms.
Unloading 2349 Unused Serialized files (Serialized files now loaded: 0)
System memory in use before: 115.4 MB.
System memory in use after: 112.6 MB.

Unloading 40 unused Assets to reduce memory usage. Loaded Objects now: 3010.
Total: 3.588400 ms (FindLiveObjects: 0.298900 ms CreateObjectMapping: 0.064700 ms MarkObjects: 1.668100 ms  DeleteObjects: 1.555800 ms)

========================================================================
Received Import Request.
  Time since last request: 234.614099 seconds.
  path: Assets/Colour.mat
  artifactKey: Guid(a68dc8838e07a7e418eba80fbeeeb857) Importer(815301076,1909f56bfc062723c751e8b465ee728b)
Start importing Assets/Colour.mat using Guid(a68dc8838e07a7e418eba80fbeeeb857) Importer(815301076,1909f56bfc062723c751e8b465ee728b)  -> (artifact id: '05db02fbc3a410eca18b3bfdb7b9d609') in 0.168933 seconds
  Import took 0.173681 seconds .

========================================================================
Received Import Request.
  Time since last request: 0.000199 seconds.
  path: Assets/Slippery.physicMaterial
  artifactKey: Guid(1979498f2f065dd4ab0bfc3ab5f334e2) Importer(815301076,1909f56bfc062723c751e8b465ee728b)
Start importing Assets/Slippery.physicMaterial using Guid(1979498f2f065dd4ab0bfc3ab5f334e2) Importer(815301076,1909f56bfc062723c751e8b465ee728b)  -> (artifact id: '68f9266064d48850ece091618591b01a') in 0.002803 seconds
  Import took 0.006376 seconds .

========================================================================
Received Prepare
Registering precompiled user dll's ...
Registered in 0.001224 seconds.
Begin MonoManager ReloadAssembly
Native extension for WindowsStandalone target not found
Refreshing native plugins compatible for Editor in 0.46 ms, found 0 plugins.
Preloading 0 native plugins for Editor in 0.00 ms.
Mono: successfully reloaded assembly
- Completed reload, in  0.786 seconds
Platform modules already initialized, skipping
Shader 'Universal Render Pipeline/Particles/Lit': fallback shader 'Universal Render Pipeline/Particles/SimpleLit' not found
Shader 'Universal Render Pipeline/Particles/Lit': fallback shader 'Universal Render Pipeline/Particles/SimpleLit' not found
Refreshing native plugins compatible for Editor in 0.49 ms, found 0 plugins.
Preloading 0 native plugins for Editor in 0.00 ms.
Unloading 2349 Unused Serialized files (Serialized files now loaded: 0)
System memory in use before: 115.4 MB.
System memory in use after: 112.7 MB.

Unloading 40 unused Assets to reduce memory usage. Loaded Objects now: 3049.
Total: 4.207100 ms (FindLiveObjects: 0.310700 ms CreateObjectMapping: 0.063700 ms MarkObjects: 2.007200 ms  DeleteObjects: 1.823800 ms)

========================================================================
Received Import Request.
  Time since last request: 216.252860 seconds.
  path: Assets/CameraScript.cs
  artifactKey: Guid(68237eb8367bd3a4c8289764a80c3b36) Importer(815301076,1909f56bfc062723c751e8b465ee728b)
Start importing Assets/CameraScript.cs using Guid(68237eb8367bd3a4c8289764a80c3b36) Importer(815301076,1909f56bfc062723c751e8b465ee728b)  -> (artifact id: 'd2fbcf96a76503d5e3cd5ebce675ed03') in 0.006110 seconds
  Import took 0.010229 seconds .

========================================================================
Received Import Request.
  Time since last request: 0.000828 seconds.
  path: Assets/CameraScript.cs
  artifactKey: Guid(68237eb8367bd3a4c8289764a80c3b36) Importer(815301076,1909f56bfc062723c751e8b465ee728b)
Start importing Assets/CameraScript.cs using Guid(68237eb8367bd3a4c8289764a80c3b36) Importer(815301076,1909f56bfc062723c751e8b465ee728b)  -> (artifact id: 'd2fbcf96a76503d5e3cd5ebce675ed03') in 0.002261 seconds
  Import took 0.005289 seconds .

========================================================================
Received Prepare
Registering precompiled user dll's ...
Registered in 0.001336 seconds.
Begin MonoManager ReloadAssembly
Native extension for WindowsStandalone target not found
Refreshing native plugins compatible for Editor in 0.50 ms, found 0 plugins.
Preloading 0 native plugins for Editor in 0.00 ms.
Mono: successfully reloaded assembly
- Completed reload, in  0.797 seconds
Platform modules already initialized, skipping
Shader 'Universal Render Pipeline/Particles/Lit': fallback shader 'Universal Render Pipeline/Particles/SimpleLit' not found
Shader 'Universal Render Pipeline/Particles/Lit': fallback shader 'Universal Render Pipeline/Particles/SimpleLit' not found
Refreshing native plugins compatible for Editor in 0.46 ms, found 0 plugins.
Preloading 0 native plugins for Editor in 0.00 ms.
Unloading 2349 Unused Serialized files (Serialized files now loaded: 0)
System memory in use before: 115.5 MB.
System memory in use after: 112.8 MB.

Unloading 40 unused Assets to reduce memory usage. Loaded Objects now: 3052.
Total: 4.276800 ms (FindLiveObjects: 0.339100 ms CreateObjectMapping: 0.065100 ms MarkObjects: 1.983300 ms  DeleteObjects: 1.888000 ms)

========================================================================
Received Prepare
Registering precompiled user dll's ...
Registered in 0.001318 seconds.
Begin MonoManager ReloadAssembly
Native extension for WindowsStandalone target not found
Refreshing native plugins compatible for Editor in 0.47 ms, found 0 plugins.
Preloading 0 native plugins for Editor in 0.00 ms.
Mono: successfully reloaded assembly
- Completed reload, in  0.787 seconds
Platform modules already initialized, skipping
Shader 'Universal Render Pipeline/Particles/Lit': fallback shader 'Universal Render Pipeline/Particles/SimpleLit' not found
Shader 'Universal Render Pipeline/Particles/Lit': fallback shader 'Universal Render Pipeline/Particles/SimpleLit' not found
Refreshing native plugins compatible for Editor in 0.47 ms, found 0 plugins.
Preloading 0 native plugins for Editor in 0.00 ms.
Unloading 2349 Unused Serialized files (Serialized files now loaded: 0)
System memory in use before: 115.5 MB.
System memory in use after: 112.8 MB.

Unloading 40 unused Assets to reduce memory usage. Loaded Objects now: 3055.
Total: 3.839800 ms (FindLiveObjects: 0.309800 ms CreateObjectMapping: 0.059400 ms MarkObjects: 1.940600 ms  DeleteObjects: 1.528800 ms)

========================================================================
Received Prepare
Registering precompiled user dll's ...
Registered in 0.001465 seconds.
Begin MonoManager ReloadAssembly
Native extension for WindowsStandalone target not found
Refreshing native plugins compatible for Editor in 0.46 ms, found 0 plugins.
Preloading 0 native plugins for Editor in 0.00 ms.
Mono: successfully reloaded assembly
- Completed reload, in  0.779 seconds
Platform modules already initialized, skipping
Shader 'Universal Render Pipeline/Particles/Lit': fallback shader 'Universal Render Pipeline/Particles/SimpleLit' not found
Shader 'Universal Render Pipeline/Particles/Lit': fallback shader 'Universal Render Pipeline/Particles/SimpleLit' not found
Refreshing native plugins compatible for Editor in 0.52 ms, found 0 plugins.
Preloading 0 native plugins for Editor in 0.00 ms.
Unloading 2349 Unused Serialized files (Serialized files now loaded: 0)
System memory in use before: 115.5 MB.
System memory in use after: 112.8 MB.

Unloading 40 unused Assets to reduce memory usage. Loaded Objects now: 3058.
Total: 3.613300 ms (FindLiveObjects: 0.328600 ms CreateObjectMapping: 0.062300 ms MarkObjects: 1.681800 ms  DeleteObjects: 1.539300 ms)

========================================================================
Received Prepare
Registering precompiled user dll's ...
Registered in 0.001632 seconds.
Begin MonoManager ReloadAssembly
Native extension for WindowsStandalone target not found
Refreshing native plugins compatible for Editor in 0.46 ms, found 0 plugins.
Preloading 0 native plugins for Editor in 0.00 ms.
Mono: successfully reloaded assembly
- Completed reload, in  0.798 seconds
Platform modules already initialized, skipping
Shader 'Universal Render Pipeline/Particles/Lit': fallback shader 'Universal Render Pipeline/Particles/SimpleLit' not found
Shader 'Universal Render Pipeline/Particles/Lit': fallback shader 'Universal Render Pipeline/Particles/SimpleLit' not found
Refreshing native plugins compatible for Editor in 0.63 ms, found 0 plugins.
Preloading 0 native plugins for Editor in 0.00 ms.
Unloading 2349 Unused Serialized files (Serialized files now loaded: 0)
System memory in use before: 115.5 MB.
System memory in use after: 112.8 MB.

Unloading 40 unused Assets to reduce memory usage. Loaded Objects now: 3061.
Total: 3.871300 ms (FindLiveObjects: 0.321600 ms CreateObjectMapping: 0.062700 ms MarkObjects: 1.796200 ms  DeleteObjects: 1.688500 ms)

========================================================================
Received Prepare
Registering precompiled user dll's ...
Registered in 0.001242 seconds.
Begin MonoManager ReloadAssembly
Native extension for WindowsStandalone target not found
Refreshing native plugins compatible for Editor in 0.46 ms, found 0 plugins.
Preloading 0 native plugins for Editor in 0.00 ms.
Mono: successfully reloaded assembly
- Completed reload, in  0.775 seconds
Platform modules already initialized, skipping
Shader 'Universal Render Pipeline/Particles/Lit': fallback shader 'Universal Render Pipeline/Particles/SimpleLit' not found
Shader 'Universal Render Pipeline/Particles/Lit': fallback shader 'Universal Render Pipeline/Particles/SimpleLit' not found
Refreshing native plugins compatible for Editor in 0.46 ms, found 0 plugins.
Preloading 0 native plugins for Editor in 0.00 ms.
Unloading 2349 Unused Serialized files (Serialized files now loaded: 0)
System memory in use before: 115.4 MB.
System memory in use after: 112.7 MB.

Unloading 40 unused Assets to reduce memory usage. Loaded Objects now: 3064.
Total: 4.020000 ms (FindLiveObjects: 0.336100 ms CreateObjectMapping: 0.066000 ms MarkObjects: 2.091100 ms  DeleteObjects: 1.525600 ms)

========================================================================
Received Prepare
Registering precompiled user dll's ...
Registered in 0.001303 seconds.
Begin MonoManager ReloadAssembly
Native extension for WindowsStandalone target not found
Refreshing native plugins compatible for Editor in 0.49 ms, found 0 plugins.
Preloading 0 native plugins for Editor in 0.00 ms.
Mono: successfully reloaded assembly
- Completed reload, in  0.788 seconds
Platform modules already initialized, skipping
Shader 'Universal Render Pipeline/Particles/Lit': fallback shader 'Universal Render Pipeline/Particles/SimpleLit' not found
Shader 'Universal Render Pipeline/Particles/Lit': fallback shader 'Universal Render Pipeline/Particles/SimpleLit' not found
Refreshing native plugins compatible for Editor in 0.51 ms, found 0 plugins.
Preloading 0 native plugins for Editor in 0.00 ms.
Unloading 2349 Unused Serialized files (Serialized files now loaded: 0)
System memory in use before: 115.6 MB.
System memory in use after: 112.8 MB.

Unloading 40 unused Assets to reduce memory usage. Loaded Objects now: 3067.
Total: 3.914100 ms (FindLiveObjects: 0.331400 ms CreateObjectMapping: 0.075600 ms MarkObjects: 1.966200 ms  DeleteObjects: 1.539500 ms)

AssetImportWorkerClient::OnTransportError - code=2 error=End of file
