Using pre-set license
Built from '2020.3/staging' branch; Version is '2020.3.5f1 (8095aa901b9b) revision 8426922'; Using compiler version '192528614'; Build Type 'Release'
OS: 'Windows 10 Home; OS build 19042.928; Version 2009; 64bit' Language: 'nl' Physical Memory: 16219 MB
BatchMode: 1, IsHumanControllingUs: 0, StartBugReporterOnCrash: 0, Is64bit: 1, IsPro: 0

 COMMAND LINE ARGUMENTS:
C:\Program Files\Unity\Hub\Editor\2020.3.5f1\Editor\Unity.exe
-adb2
-batchMode
-noUpm
-name
AssetImportWorker0
-projectPath
C:/Users/damia/Desktop/Github/Project D/VRClassroom
-logFile
Logs/AssetImportWorker0.log
-srvPort
49791
Successfully changed project path to: C:/Users/damia/Desktop/Github/Project D/VRClassroom
C:/Users/damia/Desktop/Github/Project D/VRClassroom
Using Asset Import Pipeline V2.
Refreshing native plugins compatible for Editor in 25.55 ms, found 0 plugins.
Preloading 0 native plugins for Editor in 0.00 ms.
Initialize engine version: 2020.3.5f1 (8095aa901b9b)
[Subsystems] Discovering subsystems at path C:/Program Files/Unity/Hub/Editor/2020.3.5f1/Editor/Data/Resources/UnitySubsystems
[Subsystems] Discovering subsystems at path C:/Users/damia/Desktop/Github/Project D/VRClassroom/Assets
GfxDevice: creating device client; threaded=0
Direct3D:
    Version:  Direct3D 11.0 [level 11.1]
    Renderer: NVIDIA GeForce GTX 1650 Ti (ID=0x1f95)
    Vendor:   
    VRAM:     3962 MB
    Driver:   27.21.14.6172
Initialize mono
Mono path[0] = 'C:/Program Files/Unity/Hub/Editor/2020.3.5f1/Editor/Data/Managed'
Mono path[1] = 'C:/Program Files/Unity/Hub/Editor/2020.3.5f1/Editor/Data/MonoBleedingEdge/lib/mono/unityjit'
Mono config path = 'C:/Program Files/Unity/Hub/Editor/2020.3.5f1/Editor/Data/MonoBleedingEdge/etc'
Using monoOptions --debugger-agent=transport=dt_socket,embedding=1,server=y,suspend=n,address=127.0.0.1:56048
Begin MonoManager ReloadAssembly
Registering precompiled unity dll's ...
Register platform support module: C:/Program Files/Unity/Hub/Editor/2020.3.5f1/Editor/Data/PlaybackEngines/WindowsStandaloneSupport/UnityEditor.WindowsStandalone.Extensions.dll
Registered in 0.002613 seconds.
Native extension for WindowsStandalone target not found
Refreshing native plugins compatible for Editor in 28.80 ms, found 0 plugins.
Preloading 0 native plugins for Editor in 0.00 ms.
Mono: successfully reloaded assembly
- Completed reload, in  1.544 seconds
Platform modules already initialized, skipping
Registering precompiled user dll's ...
Registered in 0.000706 seconds.
Begin MonoManager ReloadAssembly
Native extension for WindowsStandalone target not found
Refreshing native plugins compatible for Editor in 0.27 ms, found 0 plugins.
Preloading 0 native plugins for Editor in 0.00 ms.
Mono: successfully reloaded assembly
- Completed reload, in  0.975 seconds
Platform modules already initialized, skipping
========================================================================
Worker process is ready to serve import requests
Launched and connected shader compiler UnityShaderCompiler.exe after 0.08 seconds
Refreshing native plugins compatible for Editor in 0.51 ms, found 0 plugins.
Preloading 0 native plugins for Editor in 0.00 ms.
Unloading 1115 Unused Serialized files (Serialized files now loaded: 0)
System memory in use before: 57.2 MB.
System memory in use after: 57.2 MB.

Unloading 10 unused Assets to reduce memory usage. Loaded Objects now: 1557.
Total: 1.932600 ms (FindLiveObjects: 0.160700 ms CreateObjectMapping: 0.049900 ms MarkObjects: 1.631200 ms  DeleteObjects: 0.089700 ms)

========================================================================
Received Import Request.
  path: Assets/school/DemoScene/all_objects.unity
  artifactKey: Guid(c206d02e77fbc3148a269062ea0e8069) Importer(815301076,1909f56bfc062723c751e8b465ee728b)
Start importing Assets/school/DemoScene/all_objects.unity using Guid(c206d02e77fbc3148a269062ea0e8069) Importer(815301076,1909f56bfc062723c751e8b465ee728b)  -> (artifact id: '546485f0a0a8a4d9a644c9026133f1e8') in 0.017236 seconds
  Import took 0.019347 seconds .

========================================================================
Received Import Request.
  Time since last request: 0.000419 seconds.
  path: Assets/school/DemoScene/New Scene.unity
  artifactKey: Guid(9d2dc399590493d4a88ae3852f0158b7) Importer(815301076,1909f56bfc062723c751e8b465ee728b)
Start importing Assets/school/DemoScene/New Scene.unity using Guid(9d2dc399590493d4a88ae3852f0158b7) Importer(815301076,1909f56bfc062723c751e8b465ee728b)  -> (artifact id: 'f52d46b28039e83b48ea9207d0f28811') in 0.007032 seconds
  Import took 0.008906 seconds .

========================================================================
Received Prepare
Registering precompiled user dll's ...
Registered in 0.001200 seconds.
Begin MonoManager ReloadAssembly
Native extension for WindowsStandalone target not found
Refreshing native plugins compatible for Editor in 0.34 ms, found 0 plugins.
Preloading 0 native plugins for Editor in 0.00 ms.
Mono: successfully reloaded assembly
- Completed reload, in  1.075 seconds
Platform modules already initialized, skipping
Refreshing native plugins compatible for Editor in 0.32 ms, found 0 plugins.
Preloading 0 native plugins for Editor in 0.00 ms.
Unloading 1110 Unused Serialized files (Serialized files now loaded: 0)
System memory in use before: 57.1 MB.
System memory in use after: 57.2 MB.

Unloading 5 unused Assets to reduce memory usage. Loaded Objects now: 1560.
Total: 2.016000 ms (FindLiveObjects: 0.158200 ms CreateObjectMapping: 0.044100 ms MarkObjects: 1.700000 ms  DeleteObjects: 0.111900 ms)

========================================================================
Received Prepare
Registering precompiled user dll's ...
Registered in 0.016702 seconds.
Begin MonoManager ReloadAssembly
Native extension for WindowsStandalone target not found
Refreshing native plugins compatible for Editor in 0.46 ms, found 2 plugins.
Preloading 0 native plugins for Editor in 0.00 ms.
Mono: successfully reloaded assembly
- Completed reload, in  1.159 seconds
Platform modules already initialized, skipping
Refreshing native plugins compatible for Editor in 0.48 ms, found 2 plugins.
Preloading 0 native plugins for Editor in 0.00 ms.
Unloading 1129 Unused Serialized files (Serialized files now loaded: 0)
System memory in use before: 57.7 MB.
System memory in use after: 57.8 MB.

Unloading 22 unused Assets to reduce memory usage. Loaded Objects now: 1607.
Total: 2.592700 ms (FindLiveObjects: 0.237100 ms CreateObjectMapping: 0.085500 ms MarkObjects: 2.164400 ms  DeleteObjects: 0.102200 ms)

========================================================================
Received Prepare
Registering precompiled user dll's ...
Registered in 0.010330 seconds.
Begin MonoManager ReloadAssembly
Native extension for WindowsStandalone target not found
Refreshing native plugins compatible for Editor in 0.60 ms, found 2 plugins.
Preloading 0 native plugins for Editor in 0.00 ms.
Mono: successfully reloaded assembly
- Completed reload, in  1.477 seconds
Platform modules already initialized, skipping
Refreshing native plugins compatible for Editor in 0.36 ms, found 2 plugins.
Preloading 0 native plugins for Editor in 0.00 ms.
Unloading 1129 Unused Serialized files (Serialized files now loaded: 0)
System memory in use before: 57.9 MB.
System memory in use after: 58.0 MB.

Unloading 22 unused Assets to reduce memory usage. Loaded Objects now: 1610.
Total: 2.919500 ms (FindLiveObjects: 0.240300 ms CreateObjectMapping: 0.095900 ms MarkObjects: 2.484200 ms  DeleteObjects: 0.097500 ms)

========================================================================
Received Import Request.
  Time since last request: 475.487969 seconds.
  path: Assets/Plugins/GitHub/Editor/big-logo@2x.png
  artifactKey: Guid(f81094832d834c64d93b198cb16b6a3e) Importer(815301076,1909f56bfc062723c751e8b465ee728b)
Start importing Assets/Plugins/GitHub/Editor/big-logo@2x.png using Guid(f81094832d834c64d93b198cb16b6a3e) Importer(815301076,1909f56bfc062723c751e8b465ee728b)  -> (artifact id: '812c2b711beb5c87dd19d62e89cb2e81') in 0.181170 seconds
  Import took 0.185740 seconds .

========================================================================
Received Import Request.
  Time since last request: 41.549045 seconds.
  path: Assets/Plugins/GitHub/Editor/x86
  artifactKey: Guid(99b48d4d4f6a66340ab06bd487d70a45) Importer(815301076,1909f56bfc062723c751e8b465ee728b)
Start importing Assets/Plugins/GitHub/Editor/x86 using Guid(99b48d4d4f6a66340ab06bd487d70a45) Importer(815301076,1909f56bfc062723c751e8b465ee728b)  -> (artifact id: '1512e875ae6ab1bc1b2bcd64a075f202') in 0.015451 seconds
  Import took 0.018799 seconds .

========================================================================
Received Import Request.
  Time since last request: 3.010531 seconds.
  path: Assets/Plugins/GitHub/Editor
  artifactKey: Guid(cad92998c5182496e8b989b406d9f156) Importer(815301076,1909f56bfc062723c751e8b465ee728b)
Start importing Assets/Plugins/GitHub/Editor using Guid(cad92998c5182496e8b989b406d9f156) Importer(815301076,1909f56bfc062723c751e8b465ee728b)  -> (artifact id: '717f4ee95e775e0a0bfb4c88b13fac38') in 0.014016 seconds
  Import took 0.016714 seconds .

